
============= Initialized Observation Utils with Obs Spec =============

using obs modality: low_dim with keys: ['object', 'robot0_gripper_qpos', 'robot0_eef_pos', 'robot0_eef_quat']
using obs modality: rgb with keys: []
using obs modality: depth with keys: []
using obs modality: scan with keys: []

============= Loaded Environment Metadata =============
obs key object with shape (10,)
obs key robot0_eef_pos with shape (3,)
obs key robot0_eef_quat with shape (4,)
obs key robot0_gripper_qpos with shape (2,)
[robosuite WARNING] No private macro file found! (macros.py:53)
[robosuite WARNING] It is recommended to use a private macro file (macros.py:54)
[robosuite WARNING] To setup, run: python /home/pouyan/anaconda3/envs/robomimic_venv/lib/python3.8/site-packages/robosuite/scripts/setup_macros.py (macros.py:55)
[robosuite WARNING] Could not import robosuite_models. Some robots may not be available. If you want to use these robots, please install robosuite_models from source (https://github.com/ARISE-Initiative/robosuite_models) or through pip install. (__init__.py:30)
[robosuite WARNING] Could not load the mink-based whole-body IK. Make sure you install related import properly, otherwise you will not be able to use the default IK controller setting for GR1 robot. (__init__.py:40)
Created environment with name Lift
Action size is 7
ROBOMIMIC WARNING(
    Dataset and installed environment version mismatch!
    Dataset environment version: 1.5.1
    Installed environment version: 1.5.0
)
Lift
{
    "camera_depths": false,
    "camera_heights": 84,
    "camera_widths": 84,
    "control_freq": 20,
    "controller_configs": {
        "body_parts": {
            "right": {
                "control_delta": true,
                "damping": 1,
                "damping_limits": [
                    0,
                    10
                ],
                "gripper": {
                    "type": "GRIP"
                },
                "impedance_mode": "fixed",
                "input_max": 1,
                "input_min": -1,
                "input_ref_frame": "world",
                "interpolation": null,
                "kp": 150,
                "kp_limits": [
                    0,
                    300
                ],
                "orientation_limits": null,
                "output_max": [
                    0.05,
                    0.05,
                    0.05,
                    0.5,
                    0.5,
                    0.5
                ],
                "output_min": [
                    -0.05,
                    -0.05,
                    -0.05,
                    -0.5,
                    -0.5,
                    -0.5
                ],
                "position_limits": null,
                "ramp_ratio": 0.2,
                "type": "OSC_POSE",
                "uncouple_pos_ori": true
            }
        },
        "type": "BASIC"
    },
    "has_offscreen_renderer": true,
    "has_renderer": false,
    "ignore_done": true,
    "lite_physics": false,
    "render_gpu_device_id": 0,
    "reward_shaping": false,
    "robots": [
        "Panda"
    ],
    "use_camera_obs": false,
    "use_object_obs": true
}

wandb: Currently logged in as: pouyan-asg (electic). Use `wandb login --relogin` to force relogin
wandb: wandb version 0.21.0 is available!  To upgrade, please run:
wandb:  $ pip install wandb --upgrade
wandb: Tracking run with wandb version 0.16.6
wandb: Run data is saved locally in /home/pouyan/phd/imitation_learning/robomimic/robomimic/../bc_trained_models/test/20250724162503/logs/wandb/run-20250724_162517-cu8gt34e
wandb: Run `wandb offline` to turn off syncing.
wandb: Syncing run test
wandb:  View project at https://wandb.ai/electic/debug
wandb:  View run at https://wandb.ai/electic/debug/runs/cu8gt34e

============= Model Summary =============
ObservationKeyToModalityDict: action not found, adding action to mapping with assumed low_dim modality!
BC (
  ModuleDict(
    (policy): ActorNetwork(
        action_dim=7
  
        encoder=ObservationGroupEncoder(
            group=obs
            ObservationEncoder(
                Key(
                    name=object
                    shape=[10]
                    modality=low_dim
                    randomizer=None
                    net=None
                    sharing_from=None
                )
                Key(
                    name=robot0_eef_pos
                    shape=[3]
                    modality=low_dim
                    randomizer=None
                    net=None
                    sharing_from=None
                )
                Key(
                    name=robot0_eef_quat
                    shape=[4]
                    modality=low_dim
                    randomizer=None
                    net=None
                    sharing_from=None
                )
                Key(
                    name=robot0_gripper_qpos
                    shape=[2]
                    modality=low_dim
                    randomizer=None
                    net=None
                    sharing_from=None
                )
                output_shape=[19]
            )
        )
  
        mlp=MLP(
            input_dim=19
            output_dim=1024
            layer_dims=[1024]
            layer_func=Linear
            dropout=None
            act=ReLU
            output_act=ReLU
        )
  
        decoder=ObservationDecoder(
            Key(
                name=action
                shape=(7,)
                modality=low_dim
                net=(Linear(in_features=1024, out_features=7, bias=True))
            )
        )
    )
  )
)

SequenceDataset: loading dataset into memory...
  0%|          | 0/200 [00:00<?, ?it/s] 42%|####2     | 84/200 [00:00<00:00, 830.98it/s] 85%|########5 | 170/200 [00:00<00:00, 843.51it/s]100%|##########| 200/200 [00:00<00:00, 843.04it/s]
SequenceDataset: caching get_item calls...
  0%|          | 0/9666 [00:00<?, ?it/s] 23%|##2       | 2179/9666 [00:00<00:00, 21780.73it/s] 45%|####5     | 4383/9666 [00:00<00:00, 21926.95it/s] 68%|######8   | 6607/9666 [00:00<00:00, 22066.22it/s] 91%|#########1| 8816/9666 [00:00<00:00, 22072.71it/s]100%|##########| 9666/9666 [00:00<00:00, 22029.26it/s]

============= Training Dataset =============
SequenceDataset (
	path=/home/pouyan/phd/imitation_learning/robomimic/datasets/lift/ph/low_dim_v15.hdf5
	obs_keys=('object', 'robot0_eef_pos', 'robot0_eef_quat', 'robot0_gripper_qpos')
	seq_length=1
	filter_key=none
	frame_stack=1
	pad_seq_length=True
	pad_frame_stack=True
	goal_mode=none
	cache_mode=all
	num_demos=200
	num_sequences=9666
)

**************************************************
Warnings generated by robomimic have been duplicated here (from above) for convenience. Please check them carefully.
ROBOMIMIC WARNING(
    Dataset and installed environment version mismatch!
    Dataset environment version: 1.5.1
    Installed environment version: 1.5.0
)
**************************************************

  0%|          | 0/100 [00:00<?, ?it/s]  9%|9         | 9/100 [00:00<00:01, 89.77it/s] 19%|#9        | 19/100 [00:00<00:00, 92.74it/s] 29%|##9       | 29/100 [00:00<00:00, 91.76it/s] 39%|###9      | 39/100 [00:00<00:00, 92.91it/s] 49%|####9     | 49/100 [00:00<00:00, 93.10it/s] 59%|#####8    | 59/100 [00:00<00:00, 93.67it/s] 69%|######9   | 69/100 [00:00<00:00, 94.22it/s] 79%|#######9  | 79/100 [00:00<00:00, 94.54it/s] 89%|########9 | 89/100 [00:00<00:00, 94.73it/s] 99%|#########9| 99/100 [00:01<00:00, 94.57it/s]100%|##########| 100/100 [00:01<00:00, 93.78it/s]
Train Epoch 1
{
    "Cosine_Loss": 0.5285388505458832,
    "L1_Loss": 0.0750205398723483,
    "L2_Loss": 0.15513555347919464,
    "Loss": 0.15513555347919464,
    "Optimizer/policy0_lr": 0.0001,
    "Policy_Grad_Norms": 0.02321281427165559,
    "Time_Data_Loading": 0.0027814428011576336,
    "Time_Epoch": 0.017791183789571126,
    "Time_Log_Info": 2.5665760040283204e-05,
    "Time_Process_Batch": 0.00021886825561523438,
    "Time_Train_Batch": 0.01467898686726888
}

Epoch 1 Memory Usage: 1085 MB

  0%|          | 0/100 [00:00<?, ?it/s] 10%|#         | 10/100 [00:00<00:00, 95.23it/s] 20%|##        | 20/100 [00:00<00:00, 95.13it/s] 30%|###       | 30/100 [00:00<00:00, 95.24it/s] 40%|####      | 40/100 [00:00<00:00, 95.19it/s] 50%|#####     | 50/100 [00:00<00:00, 95.32it/s] 60%|######    | 60/100 [00:00<00:00, 95.39it/s] 70%|#######   | 70/100 [00:00<00:00, 95.51it/s] 80%|########  | 80/100 [00:00<00:00, 95.44it/s] 90%|######### | 90/100 [00:00<00:00, 95.45it/s]100%|##########| 100/100 [00:01<00:00, 95.25it/s]100%|##########| 100/100 [00:01<00:00, 95.28it/s]
Train Epoch 2
{
    "Cosine_Loss": 0.4231050479412079,
    "L1_Loss": 0.05492757454514503,
    "L2_Loss": 0.11034897372126579,
    "Loss": 0.11034897372126579,
    "Optimizer/policy0_lr": 0.0001,
    "Policy_Grad_Norms": 0.031580084294982956,
    "Time_Data_Loading": 0.0027407248814900714,
    "Time_Epoch": 0.017507783571879067,
    "Time_Log_Info": 2.572933832804362e-05,
    "Time_Process_Batch": 0.00021773576736450195,
    "Time_Train_Batch": 0.014442046483357748
}

Epoch 2 Memory Usage: 1090 MB

  0%|          | 0/100 [00:00<?, ?it/s] 10%|#         | 10/100 [00:00<00:00, 94.53it/s] 20%|##        | 20/100 [00:00<00:00, 95.08it/s] 30%|###       | 30/100 [00:00<00:00, 93.98it/s] 40%|####      | 40/100 [00:00<00:00, 93.69it/s] 50%|#####     | 50/100 [00:00<00:00, 94.42it/s] 60%|######    | 60/100 [00:00<00:00, 94.70it/s] 70%|#######   | 70/100 [00:00<00:00, 95.09it/s] 80%|########  | 80/100 [00:00<00:00, 95.29it/s] 90%|######### | 90/100 [00:00<00:00, 95.50it/s]100%|##########| 100/100 [00:01<00:00, 95.42it/s]100%|##########| 100/100 [00:01<00:00, 94.93it/s]
Train Epoch 3
{
    "Cosine_Loss": 0.393087200820446,
    "L1_Loss": 0.04029267530888319,
    "L2_Loss": 0.0808282868936658,
    "Loss": 0.0808282868936658,
    "Optimizer/policy0_lr": 0.0001,
    "Policy_Grad_Norms": 0.0626049708069877,
    "Time_Data_Loading": 0.0027441183725992837,
    "Time_Epoch": 0.01757107178370158,
    "Time_Log_Info": 2.594788869222005e-05,
    "Time_Process_Batch": 0.00021993319193522136,
    "Time_Train_Batch": 0.014501269658406575
}

Epoch 3 Memory Usage: 1090 MB

  0%|          | 0/100 [00:00<?, ?it/s] 10%|#         | 10/100 [00:00<00:00, 95.38it/s] 20%|##        | 20/100 [00:00<00:00, 95.70it/s] 30%|###       | 30/100 [00:00<00:00, 95.35it/s] 40%|####      | 40/100 [00:00<00:00, 95.34it/s] 50%|#####     | 50/100 [00:00<00:00, 91.82it/s] 60%|######    | 60/100 [00:00<00:00, 90.83it/s] 70%|#######   | 70/100 [00:00<00:00, 90.82it/s] 80%|########  | 80/100 [00:00<00:00, 89.80it/s] 89%|########9 | 89/100 [00:00<00:00, 89.77it/s] 98%|#########8| 98/100 [00:01<00:00, 89.67it/s]100%|##########| 100/100 [00:01<00:00, 91.26it/s]
Train Epoch 4
{
    "Cosine_Loss": 0.36070534229278567,
    "L1_Loss": 0.032243796046823266,
    "L2_Loss": 0.06488453939557076,
    "Loss": 0.06488453939557076,
    "Optimizer/policy0_lr": 0.0001,
    "Policy_Grad_Norms": 0.04058848018364643,
    "Time_Data_Loading": 0.0027871529261271157,
    "Time_Epoch": 0.018278757731119793,
    "Time_Log_Info": 2.661546071370443e-05,
    "Time_Process_Batch": 0.00022474527359008789,
    "Time_Train_Batch": 0.015156312783559164
}

Epoch 4 Memory Usage: 1090 MB

  0%|          | 0/100 [00:00<?, ?it/s]  9%|9         | 9/100 [00:00<00:01, 85.45it/s] 19%|#9        | 19/100 [00:00<00:00, 88.61it/s] 28%|##8       | 28/100 [00:00<00:00, 87.01it/s] 38%|###8      | 38/100 [00:00<00:00, 89.54it/s] 48%|####8     | 48/100 [00:00<00:00, 90.82it/s] 58%|#####8    | 58/100 [00:00<00:00, 87.29it/s] 67%|######7   | 67/100 [00:00<00:00, 85.99it/s] 76%|#######6  | 76/100 [00:00<00:00, 86.84it/s] 86%|########6 | 86/100 [00:00<00:00, 89.23it/s] 96%|#########6| 96/100 [00:01<00:00, 91.01it/s]100%|##########| 100/100 [00:01<00:00, 89.07it/s]
Train Epoch 5
{
    "Cosine_Loss": 0.3282276478409767,
    "L1_Loss": 0.027709529493004082,
    "L2_Loss": 0.055977385267615316,
    "Loss": 0.055977385267615316,
    "Optimizer/policy0_lr": 0.0001,
    "Policy_Grad_Norms": 0.04289870717555459,
    "Time_Data_Loading": 0.0029015501340230307,
    "Time_Epoch": 0.01872798999150594,
    "Time_Log_Info": 2.7267138163248696e-05,
    "Time_Process_Batch": 0.0002323468526204427,
    "Time_Train_Batch": 0.015481587251027424
}

Epoch 5 Memory Usage: 1090 MB

  0%|          | 0/100 [00:00<?, ?it/s] 10%|#         | 10/100 [00:00<00:00, 95.40it/s] 20%|##        | 20/100 [00:00<00:00, 95.57it/s] 30%|###       | 30/100 [00:00<00:00, 95.65it/s] 40%|####      | 40/100 [00:00<00:00, 91.58it/s] 50%|#####     | 50/100 [00:00<00:00, 88.58it/s] 59%|#####8    | 59/100 [00:00<00:00, 82.54it/s] 68%|######8   | 68/100 [00:00<00:00, 82.78it/s] 78%|#######8  | 78/100 [00:00<00:00, 85.17it/s] 87%|########7 | 87/100 [00:00<00:00, 86.31it/s] 96%|#########6| 96/100 [00:01<00:00, 87.20it/s]100%|##########| 100/100 [00:01<00:00, 87.64it/s]
Train Epoch 6
{
    "Cosine_Loss": 0.2947621834278107,
    "L1_Loss": 0.024772139769047498,
    "L2_Loss": 0.050241426974534986,
    "Loss": 0.050241426974534986,
    "Optimizer/policy0_lr": 0.0001,
    "Policy_Grad_Norms": 0.053903220098945895,
    "Time_Data_Loading": 0.0029128352801005048,
    "Time_Epoch": 0.019032355149586996,
    "Time_Log_Info": 2.7279059092203777e-05,
    "Time_Process_Batch": 0.00023140907287597657,
    "Time_Train_Batch": 0.015772529443105063
}

Epoch 6 Memory Usage: 1090 MB

  0%|          | 0/100 [00:00<?, ?it/s]  9%|9         | 9/100 [00:00<00:01, 86.17it/s] 18%|#8        | 18/100 [00:00<00:00, 86.16it/s] 27%|##7       | 27/100 [00:00<00:00, 85.84it/s] 36%|###6      | 36/100 [00:00<00:00, 85.36it/s] 45%|####5     | 45/100 [00:00<00:00, 82.81it/s] 54%|#####4    | 54/100 [00:00<00:00, 81.96it/s] 63%|######3   | 63/100 [00:00<00:00, 80.82it/s] 72%|#######2  | 72/100 [00:00<00:00, 80.05it/s] 81%|########1 | 81/100 [00:00<00:00, 79.66it/s] 90%|######### | 90/100 [00:01<00:00, 79.90it/s] 98%|#########8| 98/100 [00:01<00:00, 78.59it/s]100%|##########| 100/100 [00:01<00:00, 80.93it/s]
Train Epoch 7
{
    "Cosine_Loss": 0.2717989030480385,
    "L1_Loss": 0.02265319526195526,
    "L2_Loss": 0.046095421202480794,
    "Loss": 0.046095421202480794,
    "Optimizer/policy0_lr": 0.0001,
    "Policy_Grad_Norms": 0.04688204615572431,
    "Time_Data_Loading": 0.0028960426648457845,
    "Time_Epoch": 0.020615772406260172,
    "Time_Log_Info": 2.78472900390625e-05,
    "Time_Process_Batch": 0.0002320726712544759,
    "Time_Train_Batch": 0.017365634441375732
}

Epoch 7 Memory Usage: 1090 MB

  0%|          | 0/100 [00:00<?, ?it/s]  8%|8         | 8/100 [00:00<00:01, 71.99it/s] 16%|#6        | 16/100 [00:00<00:01, 73.03it/s] 24%|##4       | 24/100 [00:00<00:01, 72.14it/s] 32%|###2      | 32/100 [00:00<00:00, 70.91it/s] 40%|####      | 40/100 [00:00<00:00, 72.01it/s] 48%|####8     | 48/100 [00:00<00:00, 65.45it/s] 56%|#####6    | 56/100 [00:00<00:00, 67.92it/s] 64%|######4   | 64/100 [00:00<00:00, 70.39it/s] 72%|#######2  | 72/100 [00:01<00:00, 71.01it/s] 80%|########  | 80/100 [00:01<00:00, 69.99it/s] 88%|########8 | 88/100 [00:01<00:00, 72.35it/s] 96%|#########6| 96/100 [00:01<00:00, 71.69it/s]100%|##########| 100/100 [00:01<00:00, 70.85it/s]
Train Epoch 8
{
    "Cosine_Loss": 0.25295715853571893,
    "L1_Loss": 0.021348618902266026,
    "L2_Loss": 0.043643254321068525,
    "Loss": 0.043643254321068525,
    "Optimizer/policy0_lr": 0.0001,
    "Policy_Grad_Norms": 0.05496754791380226,
    "Time_Data_Loading": 0.003139797846476237,
    "Time_Epoch": 0.023541041215260825,
    "Time_Log_Info": 2.9953320821126304e-05,
    "Time_Process_Batch": 0.00025124152501424153,
    "Time_Train_Batch": 0.02001870075861613
}

Epoch 8 Memory Usage: 1090 MB

  0%|          | 0/100 [00:00<?, ?it/s]  8%|8         | 8/100 [00:00<00:01, 71.48it/s] 16%|#6        | 16/100 [00:00<00:01, 74.72it/s] 24%|##4       | 24/100 [00:00<00:01, 75.76it/s] 33%|###3      | 33/100 [00:00<00:00, 79.08it/s] 42%|####2     | 42/100 [00:00<00:00, 81.04it/s] 51%|#####1    | 51/100 [00:00<00:00, 82.30it/s] 60%|######    | 60/100 [00:00<00:00, 78.56it/s] 68%|######8   | 68/100 [00:00<00:00, 77.67it/s] 76%|#######6  | 76/100 [00:00<00:00, 77.72it/s] 85%|########5 | 85/100 [00:01<00:00, 78.66it/s] 94%|#########3| 94/100 [00:01<00:00, 79.43it/s]100%|##########| 100/100 [00:01<00:00, 78.49it/s]
Train Epoch 9
{
    "Cosine_Loss": 0.23805786415934563,
    "L1_Loss": 0.02012220392934978,
    "L2_Loss": 0.04117500388994813,
    "Loss": 0.04117500388994813,
    "Optimizer/policy0_lr": 0.0001,
    "Policy_Grad_Norms": 0.051685864031624076,
    "Time_Data_Loading": 0.00292591651280721,
    "Time_Epoch": 0.021251511573791505,
    "Time_Log_Info": 2.830028533935547e-05,
    "Time_Process_Batch": 0.00023878018061319987,
    "Time_Train_Batch": 0.017965948581695555
}

Epoch 9 Memory Usage: 1090 MB

  0%|          | 0/100 [00:00<?, ?it/s]  8%|8         | 8/100 [00:00<00:01, 77.03it/s] 17%|#7        | 17/100 [00:00<00:01, 81.36it/s] 26%|##6       | 26/100 [00:00<00:00, 83.07it/s] 35%|###5      | 35/100 [00:00<00:00, 84.18it/s] 44%|####4     | 44/100 [00:00<00:00, 84.30it/s] 53%|#####3    | 53/100 [00:00<00:00, 85.03it/s] 62%|######2   | 62/100 [00:00<00:00, 83.49it/s] 71%|#######1  | 71/100 [00:00<00:00, 83.52it/s] 80%|########  | 80/100 [00:00<00:00, 82.17it/s] 89%|########9 | 89/100 [00:01<00:00, 81.47it/s] 98%|#########8| 98/100 [00:01<00:00, 81.13it/s]100%|##########| 100/100 [00:01<00:00, 82.34it/s]
Train Epoch 10
{
    "Cosine_Loss": 0.22840595111250878,
    "L1_Loss": 0.019352607717737554,
    "L2_Loss": 0.039724072255194184,
    "Loss": 0.039724072255194184,
    "Optimizer/policy0_lr": 0.0001,
    "Policy_Grad_Norms": 0.061700317368240575,
    "Time_Data_Loading": 0.0028598904609680176,
    "Time_Epoch": 0.02025946378707886,
    "Time_Log_Info": 2.6897589365641275e-05,
    "Time_Process_Batch": 0.00022902091344197592,
    "Time_Train_Batch": 0.017050540447235106
}

Epoch 10 Memory Usage: 1090 MB

  0%|          | 0/100 [00:00<?, ?it/s]  9%|9         | 9/100 [00:00<00:01, 80.61it/s] 18%|#8        | 18/100 [00:00<00:01, 78.86it/s] 26%|##6       | 26/100 [00:00<00:00, 78.83it/s] 35%|###5      | 35/100 [00:00<00:00, 81.27it/s] 44%|####4     | 44/100 [00:00<00:00, 83.11it/s] 53%|#####3    | 53/100 [00:00<00:00, 83.77it/s] 62%|######2   | 62/100 [00:00<00:00, 83.19it/s] 71%|#######1  | 71/100 [00:00<00:00, 83.06it/s] 80%|########  | 80/100 [00:00<00:00, 81.84it/s] 89%|########9 | 89/100 [00:01<00:00, 81.89it/s] 98%|#########8| 98/100 [00:01<00:00, 82.00it/s]100%|##########| 100/100 [00:01<00:00, 81.96it/s]
Train Epoch 11
{
    "Cosine_Loss": 0.21956045366823673,
    "L1_Loss": 0.018777313539758325,
    "L2_Loss": 0.03864177769050002,
    "Loss": 0.03864177769050002,
    "Optimizer/policy0_lr": 0.0001,
    "Policy_Grad_Norms": 0.07430628817325668,
    "Time_Data_Loading": 0.002838309605916341,
    "Time_Epoch": 0.020350658893585206,
    "Time_Log_Info": 2.6535987854003906e-05,
    "Time_Process_Batch": 0.00022965669631958008,
    "Time_Train_Batch": 0.0171657125155131
}

Epoch 11 Memory Usage: 1090 MB

  0%|          | 0/100 [00:00<?, ?it/s]  9%|9         | 9/100 [00:00<00:01, 83.55it/s] 18%|#8        | 18/100 [00:00<00:00, 85.19it/s] 27%|##7       | 27/100 [00:00<00:00, 82.58it/s] 36%|###6      | 36/100 [00:00<00:00, 80.01it/s] 45%|####5     | 45/100 [00:00<00:00, 79.29it/s] 53%|#####3    | 53/100 [00:00<00:00, 78.53it/s] 61%|######1   | 61/100 [00:00<00:00, 78.67it/s] 70%|#######   | 70/100 [00:00<00:00, 79.96it/s] 78%|#######8  | 78/100 [00:00<00:00, 79.95it/s] 86%|########6 | 86/100 [00:01<00:00, 79.45it/s] 95%|#########5| 95/100 [00:01<00:00, 80.26it/s]100%|##########| 100/100 [00:01<00:00, 80.22it/s]
Train Epoch 12
{
    "Cosine_Loss": 0.21141302734613418,
    "L1_Loss": 0.01782434674911201,
    "L2_Loss": 0.03665371583774686,
    "Loss": 0.03665371583774686,
    "Optimizer/policy0_lr": 0.0001,
    "Policy_Grad_Norms": 0.05561803122805941,
    "Time_Data_Loading": 0.0028372685114542644,
    "Time_Epoch": 0.020793056488037108,
    "Time_Log_Info": 2.712408701578776e-05,
    "Time_Process_Batch": 0.0002329230308532715,
    "Time_Train_Batch": 0.017603365580240886
}

Epoch 12 Memory Usage: 1090 MB

  0%|          | 0/100 [00:00<?, ?it/s]  7%|7         | 7/100 [00:00<00:01, 64.64it/s] 16%|#6        | 16/100 [00:00<00:01, 74.62it/s] 24%|##4       | 24/100 [00:00<00:00, 76.37it/s] 33%|###3      | 33/100 [00:00<00:00, 77.95it/s] 41%|####1     | 41/100 [00:00<00:00, 78.52it/s] 50%|#####     | 50/100 [00:00<00:00, 79.60it/s] 59%|#####8    | 59/100 [00:00<00:00, 80.09it/s] 68%|######8   | 68/100 [00:00<00:00, 80.55it/s] 77%|#######7  | 77/100 [00:00<00:00, 80.40it/s] 86%|########6 | 86/100 [00:01<00:00, 79.85it/s] 94%|#########3| 94/100 [00:01<00:00, 79.31it/s]100%|##########| 100/100 [00:01<00:00, 78.62it/s]
Train Epoch 13
{
    "Cosine_Loss": 0.20537233151495457,
    "L1_Loss": 0.017391828410327433,
    "L2_Loss": 0.03586630711331964,
    "Loss": 0.03586630711331964,
    "Optimizer/policy0_lr": 0.0001,
    "Policy_Grad_Norms": 0.06082877234537591,
    "Time_Data_Loading": 0.0028899391492207844,
    "Time_Epoch": 0.021216380596160888,
    "Time_Log_Info": 2.7521451314290365e-05,
    "Time_Process_Batch": 0.00023640791575113934,
    "Time_Train_Batch": 0.017970716953277587
}

Epoch 13 Memory Usage: 1090 MB

  0%|          | 0/100 [00:00<?, ?it/s]  8%|8         | 8/100 [00:00<00:01, 79.32it/s] 17%|#7        | 17/100 [00:00<00:01, 80.14it/s] 26%|##6       | 26/100 [00:00<00:00, 81.30it/s] 35%|###5      | 35/100 [00:00<00:00, 81.84it/s] 44%|####4     | 44/100 [00:00<00:00, 80.64it/s] 53%|#####3    | 53/100 [00:00<00:00, 81.69it/s] 62%|######2   | 62/100 [00:00<00:00, 83.10it/s] 71%|#######1  | 71/100 [00:00<00:00, 84.23it/s] 80%|########  | 80/100 [00:00<00:00, 84.23it/s] 89%|########9 | 89/100 [00:01<00:00, 84.22it/s] 98%|#########8| 98/100 [00:01<00:00, 84.83it/s]100%|##########| 100/100 [00:01<00:00, 83.21it/s]
Train Epoch 14
{
    "Cosine_Loss": 0.19563428968191146,
    "L1_Loss": 0.0168864880874753,
    "L2_Loss": 0.034801279231905936,
    "Loss": 0.034801279231905936,
    "Optimizer/policy0_lr": 0.0001,
    "Policy_Grad_Norms": 0.06007368261074589,
    "Time_Data_Loading": 0.00280229647954305,
    "Time_Epoch": 0.02004565397898356,
    "Time_Log_Info": 2.6496251424153647e-05,
    "Time_Process_Batch": 0.0002264698346455892,
    "Time_Train_Batch": 0.016902522246042887
}

Epoch 14 Memory Usage: 1090 MB

  0%|          | 0/100 [00:00<?, ?it/s]  9%|9         | 9/100 [00:00<00:01, 85.43it/s] 18%|#8        | 18/100 [00:00<00:00, 85.29it/s] 27%|##7       | 27/100 [00:00<00:00, 85.24it/s] 36%|###6      | 36/100 [00:00<00:00, 85.67it/s] 45%|####5     | 45/100 [00:00<00:00, 85.00it/s] 54%|#####4    | 54/100 [00:00<00:00, 84.34it/s] 63%|######3   | 63/100 [00:00<00:00, 83.93it/s] 72%|#######2  | 72/100 [00:00<00:00, 83.63it/s] 81%|########1 | 81/100 [00:00<00:00, 84.44it/s] 90%|######### | 90/100 [00:01<00:00, 85.21it/s] 99%|#########9| 99/100 [00:01<00:00, 85.52it/s]100%|##########| 100/100 [00:01<00:00, 84.93it/s]
Train Epoch 15
{
    "Cosine_Loss": 0.19093255773186685,
    "L1_Loss": 0.016574328113347293,
    "L2_Loss": 0.0341427350975573,
    "Loss": 0.0341427350975573,
    "Optimizer/policy0_lr": 0.0001,
    "Policy_Grad_Norms": 0.06719113061114967,
    "Time_Data_Loading": 0.002773571014404297,
    "Time_Epoch": 0.01963890790939331,
    "Time_Log_Info": 2.6075045267740884e-05,
    "Time_Process_Batch": 0.00022353728612263998,
    "Time_Train_Batch": 0.016528511047363283
}

Epoch 15 Memory Usage: 1090 MB

  0%|          | 0/100 [00:00<?, ?it/s]  9%|9         | 9/100 [00:00<00:01, 86.57it/s] 18%|#8        | 18/100 [00:00<00:00, 86.39it/s] 27%|##7       | 27/100 [00:00<00:00, 86.33it/s] 36%|###6      | 36/100 [00:00<00:00, 86.48it/s] 45%|####5     | 45/100 [00:00<00:00, 86.57it/s] 54%|#####4    | 54/100 [00:00<00:00, 85.66it/s] 63%|######3   | 63/100 [00:00<00:00, 83.71it/s] 72%|#######2  | 72/100 [00:00<00:00, 82.97it/s] 81%|########1 | 81/100 [00:00<00:00, 82.42it/s] 90%|######### | 90/100 [00:01<00:00, 81.82it/s] 99%|#########9| 99/100 [00:01<00:00, 80.51it/s]100%|##########| 100/100 [00:01<00:00, 83.20it/s]
Train Epoch 16
{
    "Cosine_Loss": 0.18705421186983584,
    "L1_Loss": 0.015982630848884582,
    "L2_Loss": 0.03295585909858346,
    "Loss": 0.03295585909858346,
    "Optimizer/policy0_lr": 0.0001,
    "Policy_Grad_Norms": 0.06361960720132628,
    "Time_Data_Loading": 0.0028022646903991697,
    "Time_Epoch": 0.020047501722971598,
    "Time_Log_Info": 2.6826063791910807e-05,
    "Time_Process_Batch": 0.00022676388422648112,
    "Time_Train_Batch": 0.01690193812052409
}

Epoch 16 Memory Usage: 1090 MB

  0%|          | 0/100 [00:00<?, ?it/s]  8%|8         | 8/100 [00:00<00:01, 79.75it/s] 17%|#7        | 17/100 [00:00<00:00, 83.42it/s] 26%|##6       | 26/100 [00:00<00:00, 84.56it/s] 35%|###5      | 35/100 [00:00<00:00, 84.92it/s] 44%|####4     | 44/100 [00:00<00:00, 85.50it/s] 53%|#####3    | 53/100 [00:00<00:00, 83.95it/s] 62%|######2   | 62/100 [00:00<00:00, 83.60it/s] 71%|#######1  | 71/100 [00:00<00:00, 83.19it/s] 80%|########  | 80/100 [00:00<00:00, 81.89it/s] 89%|########9 | 89/100 [00:01<00:00, 83.01it/s] 96%|#########6| 96/100 [00:01<00:00, 83.52it/s]
Traceback (most recent call last):
  File "/home/pouyan/phd/imitation_learning/robomimic/robomimic/utils/train_utils.py", line 543, in run_epoch
    batch = next(data_loader_iter)
  File "/home/pouyan/anaconda3/envs/robomimic_venv/lib/python3.8/site-packages/torch/utils/data/dataloader.py", line 634, in __next__
    data = self._next_data()
  File "/home/pouyan/anaconda3/envs/robomimic_venv/lib/python3.8/site-packages/torch/utils/data/dataloader.py", line 677, in _next_data
    index = self._next_index()  # may raise StopIteration
  File "/home/pouyan/anaconda3/envs/robomimic_venv/lib/python3.8/site-packages/torch/utils/data/dataloader.py", line 624, in _next_index
    return next(self._sampler_iter)  # may raise StopIteration
StopIteration

During handling of the above exception, another exception occurred:

Traceback (most recent call last):
  File "robomimic/scripts/train.py", line 427, in <module>
    main(args)
  File "robomimic/scripts/train.py", line 378, in main
    train(config, device=device)
  File "robomimic/scripts/train.py", line 196, in train
    step_log = TrainUtils.run_epoch(
  File "/home/pouyan/phd/imitation_learning/robomimic/robomimic/utils/train_utils.py", line 548, in run_epoch
    batch = next(data_loader_iter)
  File "/home/pouyan/anaconda3/envs/robomimic_venv/lib/python3.8/site-packages/torch/utils/data/dataloader.py", line 630, in __next__
    with torch.autograd.profiler.record_function(self._profile_name):
  File "/home/pouyan/anaconda3/envs/robomimic_venv/lib/python3.8/site-packages/torch/autograd/profiler.py", line 492, in __enter__
    self.record = torch.ops.profiler._record_function_enter_new(self.name, self.args)
  File "/home/pouyan/anaconda3/envs/robomimic_venv/lib/python3.8/site-packages/torch/_ops.py", line 502, in __call__
    return self._op(*args, **kwargs or {})
KeyboardInterrupt
